<?xml version="1.0" encoding="UTF-8"?>
<testsuite xmlns:xsi="http://www.w3.org/2001/XMLSchema-instance" xsi:noNamespaceSchemaLocation="https://maven.apache.org/surefire/maven-failsafe-plugin/xsd/failsafe-test-report.xsd" name="fr.simplex_software.jakartaee.wildfly.test.SampleIT" time="3.698" tests="1" errors="0" skipped="0" failures="0">
  <properties>
    <property name="java.specification.version" value="17"/>
    <property name="arquillian.launch" value="remote"/>
    <property name="sun.jnu.encoding" value="UTF-8"/>
    <property name="java.class.path" value="/home/nicolas/test/duke/target/test-classes:/home/nicolas/test/duke/target/classes:/home/nicolas/.m2/repository/jakarta/enterprise/jakarta.enterprise.cdi-api/4.0.0/jakarta.enterprise.cdi-api-4.0.0.jar:/home/nicolas/.m2/repository/jakarta/enterprise/jakarta.enterprise.lang-model/4.0.0/jakarta.enterprise.lang-model-4.0.0.jar:/home/nicolas/.m2/repository/jakarta/interceptor/jakarta.interceptor-api/2.1.0/jakarta.interceptor-api-2.1.0.jar:/home/nicolas/.m2/repository/jakarta/inject/jakarta.inject-api/2.0.1/jakarta.inject-api-2.0.1.jar:/home/nicolas/.m2/repository/org/hibernate/validator/hibernate-validator/8.0.0.Final/hibernate-validator-8.0.0.Final.jar:/home/nicolas/.m2/repository/jakarta/validation/jakarta.validation-api/3.0.2/jakarta.validation-api-3.0.2.jar:/home/nicolas/.m2/repository/org/jboss/logging/jboss-logging/3.4.3.Final/jboss-logging-3.4.3.Final.jar:/home/nicolas/.m2/repository/com/fasterxml/classmate/1.5.1/classmate-1.5.1.jar:/home/nicolas/.m2/repository/jakarta/persistence/jakarta.persistence-api/3.1.0/jakarta.persistence-api-3.1.0.jar:/home/nicolas/.m2/repository/jakarta/faces/jakarta.faces-api/4.0.1/jakarta.faces-api-4.0.1.jar:/home/nicolas/.m2/repository/jakarta/ws/rs/jakarta.ws.rs-api/3.1.0/jakarta.ws.rs-api-3.1.0.jar:/home/nicolas/.m2/repository/jakarta/servlet/jakarta.servlet-api/6.0.0/jakarta.servlet-api-6.0.0.jar:/home/nicolas/.m2/repository/jakarta/ejb/jakarta.ejb-api/4.0.1/jakarta.ejb-api-4.0.1.jar:/home/nicolas/.m2/repository/jakarta/transaction/jakarta.transaction-api/2.0.1/jakarta.transaction-api-2.0.1.jar:/home/nicolas/.m2/repository/jakarta/annotation/jakarta.annotation-api/2.1.1/jakarta.annotation-api-2.1.1.jar:/home/nicolas/.m2/repository/junit/junit/4.13.1/junit-4.13.1.jar:/home/nicolas/.m2/repository/org/hamcrest/hamcrest-core/1.3/hamcrest-core-1.3.jar:/home/nicolas/.m2/repository/org/jboss/arquillian/junit/arquillian-junit-container/1.7.0.Alpha12/arquillian-junit-container-1.7.0.Alpha12.jar:/home/nicolas/.m2/repository/org/jboss/arquillian/junit/arquillian-junit-core/1.7.0.Alpha12/arquillian-junit-core-1.7.0.Alpha12.jar:/home/nicolas/.m2/repository/org/jboss/arquillian/test/arquillian-test-api/1.7.0.Alpha12/arquillian-test-api-1.7.0.Alpha12.jar:/home/nicolas/.m2/repository/org/jboss/arquillian/test/arquillian-test-spi/1.7.0.Alpha12/arquillian-test-spi-1.7.0.Alpha12.jar:/home/nicolas/.m2/repository/org/jboss/arquillian/core/arquillian-core-spi/1.7.0.Alpha12/arquillian-core-spi-1.7.0.Alpha12.jar:/home/nicolas/.m2/repository/org/jboss/arquillian/container/arquillian-container-test-api/1.7.0.Alpha12/arquillian-container-test-api-1.7.0.Alpha12.jar:/home/nicolas/.m2/repository/org/jboss/shrinkwrap/shrinkwrap-api/1.2.6/shrinkwrap-api-1.2.6.jar:/home/nicolas/.m2/repository/org/jboss/shrinkwrap/descriptors/shrinkwrap-descriptors-api-base/2.0.0/shrinkwrap-descriptors-api-base-2.0.0.jar:/home/nicolas/.m2/repository/org/jboss/arquillian/container/arquillian-container-test-spi/1.7.0.Alpha12/arquillian-container-test-spi-1.7.0.Alpha12.jar:/home/nicolas/.m2/repository/org/jboss/arquillian/core/arquillian-core-impl-base/1.7.0.Alpha12/arquillian-core-impl-base-1.7.0.Alpha12.jar:/home/nicolas/.m2/repository/org/jboss/arquillian/test/arquillian-test-impl-base/1.7.0.Alpha12/arquillian-test-impl-base-1.7.0.Alpha12.jar:/home/nicolas/.m2/repository/org/jboss/arquillian/container/arquillian-container-impl-base/1.7.0.Alpha12/arquillian-container-impl-base-1.7.0.Alpha12.jar:/home/nicolas/.m2/repository/org/jboss/arquillian/config/arquillian-config-api/1.7.0.Alpha12/arquillian-config-api-1.7.0.Alpha12.jar:/home/nicolas/.m2/repository/org/jboss/arquillian/config/arquillian-config-impl-base/1.7.0.Alpha12/arquillian-config-impl-base-1.7.0.Alpha12.jar:/home/nicolas/.m2/repository/org/jboss/arquillian/config/arquillian-config-spi/1.7.0.Alpha12/arquillian-config-spi-1.7.0.Alpha12.jar:/home/nicolas/.m2/repository/org/jboss/arquillian/container/arquillian-container-test-impl-base/1.7.0.Alpha12/arquillian-container-test-impl-base-1.7.0.Alpha12.jar:/home/nicolas/.m2/repository/org/jboss/shrinkwrap/shrinkwrap-impl-base/1.2.6/shrinkwrap-impl-base-1.2.6.jar:/home/nicolas/.m2/repository/org/jboss/shrinkwrap/shrinkwrap-spi/1.2.6/shrinkwrap-spi-1.2.6.jar:/home/nicolas/.m2/repository/org/jboss/arquillian/protocol/arquillian-protocol-servlet/1.7.0.Alpha12/arquillian-protocol-servlet-1.7.0.Alpha12.jar:/home/nicolas/.m2/repository/org/jboss/arquillian/container/arquillian-container-spi/1.7.0.Alpha12/arquillian-container-spi-1.7.0.Alpha12.jar:/home/nicolas/.m2/repository/org/jboss/shrinkwrap/descriptors/shrinkwrap-descriptors-spi/2.0.0/shrinkwrap-descriptors-spi-2.0.0.jar:/home/nicolas/.m2/repository/org/wildfly/arquillian/wildfly-arquillian-container-remote/5.0.0.Alpha5/wildfly-arquillian-container-remote-5.0.0.Alpha5.jar:/home/nicolas/.m2/repository/org/jboss/xnio/xnio-api/3.8.7.Final/xnio-api-3.8.7.Final.jar:/home/nicolas/.m2/repository/org/jboss/xnio/xnio-nio/3.8.7.Final/xnio-nio-3.8.7.Final.jar:/home/nicolas/.m2/repository/org/jboss/marshalling/jboss-marshalling-river/2.0.12.Final/jboss-marshalling-river-2.0.12.Final.jar:/home/nicolas/.m2/repository/org/jboss/marshalling/jboss-marshalling/2.0.12.Final/jboss-marshalling-2.0.12.Final.jar:/home/nicolas/.m2/repository/org/jboss/remoting/jboss-remoting/5.0.24.Final/jboss-remoting-5.0.24.Final.jar:/home/nicolas/.m2/repository/org/wildfly/common/wildfly-common/1.6.0.Final/wildfly-common-1.6.0.Final.jar:/home/nicolas/.m2/repository/org/wildfly/client/wildfly-client-config/1.0.1.Final/wildfly-client-config-1.0.1.Final.jar:/home/nicolas/.m2/repository/org/jboss/remotingjmx/remoting-jmx/3.0.4.Final/remoting-jmx-3.0.4.Final.jar:/home/nicolas/.m2/repository/org/wildfly/arquillian/wildfly-arquillian-common/5.0.0.Alpha5/wildfly-arquillian-common-5.0.0.Alpha5.jar:/home/nicolas/.m2/repository/org/jboss/arquillian/testenricher/arquillian-testenricher-cdi-jakarta/1.7.0.Alpha12/arquillian-testenricher-cdi-jakarta-1.7.0.Alpha12.jar:/home/nicolas/.m2/repository/org/jboss/arquillian/testenricher/arquillian-testenricher-ejb-jakarta/1.7.0.Alpha12/arquillian-testenricher-ejb-jakarta-1.7.0.Alpha12.jar:/home/nicolas/.m2/repository/org/jboss/arquillian/testenricher/arquillian-testenricher-initialcontext/1.7.0.Alpha12/arquillian-testenricher-initialcontext-1.7.0.Alpha12.jar:/home/nicolas/.m2/repository/org/jboss/arquillian/testenricher/arquillian-testenricher-resource-jakarta/1.7.0.Alpha12/arquillian-testenricher-resource-jakarta-1.7.0.Alpha12.jar:/home/nicolas/.m2/repository/org/jboss/arquillian/protocol/arquillian-protocol-servlet-jakarta/1.7.0.Alpha12/arquillian-protocol-servlet-jakarta-1.7.0.Alpha12.jar:/home/nicolas/.m2/repository/org/wildfly/arquillian/wildfly-arquillian-testenricher-msc/5.0.0.Alpha5/wildfly-arquillian-testenricher-msc-5.0.0.Alpha5.jar:/home/nicolas/.m2/repository/org/jboss/msc/jboss-msc/1.4.13.Final/jboss-msc-1.4.13.Final.jar:/home/nicolas/.m2/repository/org/wildfly/core/wildfly-server/18.1.1.Final/wildfly-server-18.1.1.Final.jar:/home/nicolas/.m2/repository/org/wildfly/core/wildfly-controller-client/18.1.1.Final/wildfly-controller-client-18.1.1.Final.jar:/home/nicolas/.m2/repository/org/wildfly/core/wildfly-protocol/18.1.1.Final/wildfly-protocol-18.1.1.Final.jar:/home/nicolas/.m2/repository/org/jboss/modules/jboss-modules/2.0.2.Final/jboss-modules-2.0.2.Final.jar:/home/nicolas/.m2/repository/org/wildfly/security/wildfly-elytron-auth-server/2.0.0.Final/wildfly-elytron-auth-server-2.0.0.Final.jar:/home/nicolas/.m2/repository/org/wildfly/security/wildfly-elytron-credential/2.0.0.Final/wildfly-elytron-credential-2.0.0.Final.jar:/home/nicolas/.m2/repository/org/wildfly/security/wildfly-elytron-x500/2.0.0.Final/wildfly-elytron-x500-2.0.0.Final.jar:/home/nicolas/.m2/repository/org/wildfly/security/wildfly-elytron-auth-server-deprecated/2.0.0.Final/wildfly-elytron-auth-server-deprecated-2.0.0.Final.jar:/home/nicolas/.m2/repository/org/wildfly/security/wildfly-elytron-http/2.0.0.Final/wildfly-elytron-http-2.0.0.Final.jar:/home/nicolas/.m2/repository/org/wildfly/security/wildfly-elytron-auth-server-http/2.0.0.Final/wildfly-elytron-auth-server-http-2.0.0.Final.jar:/home/nicolas/.m2/repository/org/wildfly/security/wildfly-elytron-auth-server-sasl/2.0.0.Final/wildfly-elytron-auth-server-sasl-2.0.0.Final.jar:/home/nicolas/.m2/repository/org/wildfly/security/wildfly-elytron-client/2.0.0.Final/wildfly-elytron-client-2.0.0.Final.jar:/home/nicolas/.m2/repository/org/wildfly/security/wildfly-elytron-auth-util/2.0.0.Final/wildfly-elytron-auth-util-2.0.0.Final.jar:/home/nicolas/.m2/repository/org/wildfly/security/wildfly-elytron-mechanism-gssapi/2.0.0.Final/wildfly-elytron-mechanism-gssapi-2.0.0.Final.jar:/home/nicolas/.m2/repository/org/apache/sshd/sshd-common/2.9.2/sshd-common-2.9.2.jar:/home/nicolas/.m2/repository/org/slf4j/slf4j-api/1.7.36/slf4j-api-1.7.36.jar:/home/nicolas/.m2/repository/org/slf4j/jcl-over-slf4j/1.7.36/jcl-over-slf4j-1.7.36.jar:/home/nicolas/.m2/repository/org/wildfly/security/wildfly-elytron-credential-source-impl/2.0.0.Final/wildfly-elytron-credential-source-impl-2.0.0.Final.jar:/home/nicolas/.m2/repository/org/wildfly/security/wildfly-elytron-credential-store/2.0.0.Final/wildfly-elytron-credential-store-2.0.0.Final.jar:/home/nicolas/.m2/repository/org/wildfly/security/wildfly-elytron-keystore/2.0.0.Final/wildfly-elytron-keystore-2.0.0.Final.jar:/home/nicolas/.m2/repository/org/wildfly/security/wildfly-elytron-mechanism/2.0.0.Final/wildfly-elytron-mechanism-2.0.0.Final.jar:/home/nicolas/.m2/repository/org/wildfly/security/wildfly-elytron-password-impl/2.0.0.Final/wildfly-elytron-password-impl-2.0.0.Final.jar:/home/nicolas/.m2/repository/org/wildfly/security/wildfly-elytron-provider-util/2.0.0.Final/wildfly-elytron-provider-util-2.0.0.Final.jar:/home/nicolas/.m2/repository/org/wildfly/security/wildfly-elytron-x500-cert/2.0.0.Final/wildfly-elytron-x500-cert-2.0.0.Final.jar:/home/nicolas/.m2/repository/org/wildfly/security/wildfly-elytron-x500-cert-util/2.0.0.Final/wildfly-elytron-x500-cert-util-2.0.0.Final.jar:/home/nicolas/.m2/repository/org/wildfly/security/wildfly-elytron-permission/2.0.0.Final/wildfly-elytron-permission-2.0.0.Final.jar:/home/nicolas/.m2/repository/org/wildfly/security/wildfly-elytron-sasl/2.0.0.Final/wildfly-elytron-sasl-2.0.0.Final.jar:/home/nicolas/.m2/repository/org/wildfly/security/wildfly-elytron-ssl/2.0.0.Final/wildfly-elytron-ssl-2.0.0.Final.jar:/home/nicolas/.m2/repository/org/wildfly/security/wildfly-elytron-sasl-anonymous/2.0.0.Final/wildfly-elytron-sasl-anonymous-2.0.0.Final.jar:/home/nicolas/.m2/repository/org/wildfly/security/wildfly-elytron-sasl-localuser/2.0.0.Final/wildfly-elytron-sasl-localuser-2.0.0.Final.jar:/home/nicolas/.m2/repository/org/wildfly/security/wildfly-elytron-realm/2.0.0.Final/wildfly-elytron-realm-2.0.0.Final.jar:/home/nicolas/.m2/repository/org/wildfly/security/wildfly-elytron-encryption/2.0.0.Final/wildfly-elytron-encryption-2.0.0.Final.jar:/home/nicolas/.m2/repository/org/jboss/jboss-dmr/1.6.1.Final/jboss-dmr-1.6.1.Final.jar:/home/nicolas/.m2/repository/org/jboss/threads/jboss-threads/2.4.0.Final/jboss-threads-2.4.0.Final.jar:/home/nicolas/.m2/repository/org/wildfly/security/wildfly-elytron-auth/2.0.0.Final/wildfly-elytron-auth-2.0.0.Final.jar:/home/nicolas/.m2/repository/org/wildfly/security/wildfly-elytron-util/2.0.0.Final/wildfly-elytron-util-2.0.0.Final.jar:/home/nicolas/.m2/repository/org/wildfly/security/wildfly-elytron-asn1/2.0.0.Final/wildfly-elytron-asn1-2.0.0.Final.jar:/home/nicolas/.m2/repository/org/wildfly/security/wildfly-elytron-base/2.0.0.Final/wildfly-elytron-base-2.0.0.Final.jar:/home/nicolas/.m2/repository/org/wildfly/security/wildfly-elytron-security-manager/2.0.0.Final/wildfly-elytron-security-manager-2.0.0.Final.jar:/home/nicolas/.m2/repository/org/wildfly/security/wildfly-elytron-security-manager-action/2.0.0.Final/wildfly-elytron-security-manager-action-2.0.0.Final.jar:/home/nicolas/.m2/repository/org/wildfly/core/wildfly-launcher/18.1.1.Final/wildfly-launcher-18.1.1.Final.jar:/home/nicolas/.m2/repository/org/wildfly/plugins/wildfly-plugin-core/3.0.0.Final/wildfly-plugin-core-3.0.0.Final.jar:/home/nicolas/.m2/repository/org/jboss/shrinkwrap/descriptors/shrinkwrap-descriptors-impl-base/2.0.0/shrinkwrap-descriptors-impl-base-2.0.0.jar:/home/nicolas/.m2/repository/org/jboss/arquillian/core/arquillian-core-api/1.7.0.Alpha12/arquillian-core-api-1.7.0.Alpha12.jar:"/>
    <property name="java.vm.vendor" value="Oracle Corporation"/>
    <property name="sun.arch.data.model" value="64"/>
    <property name="java.vendor.url" value="https://java.oracle.com/"/>
    <property name="os.name" value="Linux"/>
    <property name="java.vm.specification.version" value="17"/>
    <property name="sun.java.launcher" value="SUN_STANDARD"/>
    <property name="user.country" value="US"/>
    <property name="sun.boot.library.path" value="/usr/lib/jvm/jdk-17/lib"/>
    <property name="sun.java.command" value="/home/nicolas/test/duke/target/surefire/surefirebooter711992666309350903.jar /home/nicolas/test/duke/target/surefire 2023-04-05T19-47-17_929-jvmRun1 surefire5271340680862568265tmp surefire_018307929809409310962tmp"/>
    <property name="jdk.debug" value="release"/>
    <property name="surefire.test.class.path" value="/home/nicolas/test/duke/target/test-classes:/home/nicolas/test/duke/target/classes:/home/nicolas/.m2/repository/jakarta/enterprise/jakarta.enterprise.cdi-api/4.0.0/jakarta.enterprise.cdi-api-4.0.0.jar:/home/nicolas/.m2/repository/jakarta/enterprise/jakarta.enterprise.lang-model/4.0.0/jakarta.enterprise.lang-model-4.0.0.jar:/home/nicolas/.m2/repository/jakarta/interceptor/jakarta.interceptor-api/2.1.0/jakarta.interceptor-api-2.1.0.jar:/home/nicolas/.m2/repository/jakarta/inject/jakarta.inject-api/2.0.1/jakarta.inject-api-2.0.1.jar:/home/nicolas/.m2/repository/org/hibernate/validator/hibernate-validator/8.0.0.Final/hibernate-validator-8.0.0.Final.jar:/home/nicolas/.m2/repository/jakarta/validation/jakarta.validation-api/3.0.2/jakarta.validation-api-3.0.2.jar:/home/nicolas/.m2/repository/org/jboss/logging/jboss-logging/3.4.3.Final/jboss-logging-3.4.3.Final.jar:/home/nicolas/.m2/repository/com/fasterxml/classmate/1.5.1/classmate-1.5.1.jar:/home/nicolas/.m2/repository/jakarta/persistence/jakarta.persistence-api/3.1.0/jakarta.persistence-api-3.1.0.jar:/home/nicolas/.m2/repository/jakarta/faces/jakarta.faces-api/4.0.1/jakarta.faces-api-4.0.1.jar:/home/nicolas/.m2/repository/jakarta/ws/rs/jakarta.ws.rs-api/3.1.0/jakarta.ws.rs-api-3.1.0.jar:/home/nicolas/.m2/repository/jakarta/servlet/jakarta.servlet-api/6.0.0/jakarta.servlet-api-6.0.0.jar:/home/nicolas/.m2/repository/jakarta/ejb/jakarta.ejb-api/4.0.1/jakarta.ejb-api-4.0.1.jar:/home/nicolas/.m2/repository/jakarta/transaction/jakarta.transaction-api/2.0.1/jakarta.transaction-api-2.0.1.jar:/home/nicolas/.m2/repository/jakarta/annotation/jakarta.annotation-api/2.1.1/jakarta.annotation-api-2.1.1.jar:/home/nicolas/.m2/repository/junit/junit/4.13.1/junit-4.13.1.jar:/home/nicolas/.m2/repository/org/hamcrest/hamcrest-core/1.3/hamcrest-core-1.3.jar:/home/nicolas/.m2/repository/org/jboss/arquillian/junit/arquillian-junit-container/1.7.0.Alpha12/arquillian-junit-container-1.7.0.Alpha12.jar:/home/nicolas/.m2/repository/org/jboss/arquillian/junit/arquillian-junit-core/1.7.0.Alpha12/arquillian-junit-core-1.7.0.Alpha12.jar:/home/nicolas/.m2/repository/org/jboss/arquillian/test/arquillian-test-api/1.7.0.Alpha12/arquillian-test-api-1.7.0.Alpha12.jar:/home/nicolas/.m2/repository/org/jboss/arquillian/test/arquillian-test-spi/1.7.0.Alpha12/arquillian-test-spi-1.7.0.Alpha12.jar:/home/nicolas/.m2/repository/org/jboss/arquillian/core/arquillian-core-spi/1.7.0.Alpha12/arquillian-core-spi-1.7.0.Alpha12.jar:/home/nicolas/.m2/repository/org/jboss/arquillian/container/arquillian-container-test-api/1.7.0.Alpha12/arquillian-container-test-api-1.7.0.Alpha12.jar:/home/nicolas/.m2/repository/org/jboss/shrinkwrap/shrinkwrap-api/1.2.6/shrinkwrap-api-1.2.6.jar:/home/nicolas/.m2/repository/org/jboss/shrinkwrap/descriptors/shrinkwrap-descriptors-api-base/2.0.0/shrinkwrap-descriptors-api-base-2.0.0.jar:/home/nicolas/.m2/repository/org/jboss/arquillian/container/arquillian-container-test-spi/1.7.0.Alpha12/arquillian-container-test-spi-1.7.0.Alpha12.jar:/home/nicolas/.m2/repository/org/jboss/arquillian/core/arquillian-core-impl-base/1.7.0.Alpha12/arquillian-core-impl-base-1.7.0.Alpha12.jar:/home/nicolas/.m2/repository/org/jboss/arquillian/test/arquillian-test-impl-base/1.7.0.Alpha12/arquillian-test-impl-base-1.7.0.Alpha12.jar:/home/nicolas/.m2/repository/org/jboss/arquillian/container/arquillian-container-impl-base/1.7.0.Alpha12/arquillian-container-impl-base-1.7.0.Alpha12.jar:/home/nicolas/.m2/repository/org/jboss/arquillian/config/arquillian-config-api/1.7.0.Alpha12/arquillian-config-api-1.7.0.Alpha12.jar:/home/nicolas/.m2/repository/org/jboss/arquillian/config/arquillian-config-impl-base/1.7.0.Alpha12/arquillian-config-impl-base-1.7.0.Alpha12.jar:/home/nicolas/.m2/repository/org/jboss/arquillian/config/arquillian-config-spi/1.7.0.Alpha12/arquillian-config-spi-1.7.0.Alpha12.jar:/home/nicolas/.m2/repository/org/jboss/arquillian/container/arquillian-container-test-impl-base/1.7.0.Alpha12/arquillian-container-test-impl-base-1.7.0.Alpha12.jar:/home/nicolas/.m2/repository/org/jboss/shrinkwrap/shrinkwrap-impl-base/1.2.6/shrinkwrap-impl-base-1.2.6.jar:/home/nicolas/.m2/repository/org/jboss/shrinkwrap/shrinkwrap-spi/1.2.6/shrinkwrap-spi-1.2.6.jar:/home/nicolas/.m2/repository/org/jboss/arquillian/protocol/arquillian-protocol-servlet/1.7.0.Alpha12/arquillian-protocol-servlet-1.7.0.Alpha12.jar:/home/nicolas/.m2/repository/org/jboss/arquillian/container/arquillian-container-spi/1.7.0.Alpha12/arquillian-container-spi-1.7.0.Alpha12.jar:/home/nicolas/.m2/repository/org/jboss/shrinkwrap/descriptors/shrinkwrap-descriptors-spi/2.0.0/shrinkwrap-descriptors-spi-2.0.0.jar:/home/nicolas/.m2/repository/org/wildfly/arquillian/wildfly-arquillian-container-remote/5.0.0.Alpha5/wildfly-arquillian-container-remote-5.0.0.Alpha5.jar:/home/nicolas/.m2/repository/org/jboss/xnio/xnio-api/3.8.7.Final/xnio-api-3.8.7.Final.jar:/home/nicolas/.m2/repository/org/jboss/xnio/xnio-nio/3.8.7.Final/xnio-nio-3.8.7.Final.jar:/home/nicolas/.m2/repository/org/jboss/marshalling/jboss-marshalling-river/2.0.12.Final/jboss-marshalling-river-2.0.12.Final.jar:/home/nicolas/.m2/repository/org/jboss/marshalling/jboss-marshalling/2.0.12.Final/jboss-marshalling-2.0.12.Final.jar:/home/nicolas/.m2/repository/org/jboss/remoting/jboss-remoting/5.0.24.Final/jboss-remoting-5.0.24.Final.jar:/home/nicolas/.m2/repository/org/wildfly/common/wildfly-common/1.6.0.Final/wildfly-common-1.6.0.Final.jar:/home/nicolas/.m2/repository/org/wildfly/client/wildfly-client-config/1.0.1.Final/wildfly-client-config-1.0.1.Final.jar:/home/nicolas/.m2/repository/org/jboss/remotingjmx/remoting-jmx/3.0.4.Final/remoting-jmx-3.0.4.Final.jar:/home/nicolas/.m2/repository/org/wildfly/arquillian/wildfly-arquillian-common/5.0.0.Alpha5/wildfly-arquillian-common-5.0.0.Alpha5.jar:/home/nicolas/.m2/repository/org/jboss/arquillian/testenricher/arquillian-testenricher-cdi-jakarta/1.7.0.Alpha12/arquillian-testenricher-cdi-jakarta-1.7.0.Alpha12.jar:/home/nicolas/.m2/repository/org/jboss/arquillian/testenricher/arquillian-testenricher-ejb-jakarta/1.7.0.Alpha12/arquillian-testenricher-ejb-jakarta-1.7.0.Alpha12.jar:/home/nicolas/.m2/repository/org/jboss/arquillian/testenricher/arquillian-testenricher-initialcontext/1.7.0.Alpha12/arquillian-testenricher-initialcontext-1.7.0.Alpha12.jar:/home/nicolas/.m2/repository/org/jboss/arquillian/testenricher/arquillian-testenricher-resource-jakarta/1.7.0.Alpha12/arquillian-testenricher-resource-jakarta-1.7.0.Alpha12.jar:/home/nicolas/.m2/repository/org/jboss/arquillian/protocol/arquillian-protocol-servlet-jakarta/1.7.0.Alpha12/arquillian-protocol-servlet-jakarta-1.7.0.Alpha12.jar:/home/nicolas/.m2/repository/org/wildfly/arquillian/wildfly-arquillian-testenricher-msc/5.0.0.Alpha5/wildfly-arquillian-testenricher-msc-5.0.0.Alpha5.jar:/home/nicolas/.m2/repository/org/jboss/msc/jboss-msc/1.4.13.Final/jboss-msc-1.4.13.Final.jar:/home/nicolas/.m2/repository/org/wildfly/core/wildfly-server/18.1.1.Final/wildfly-server-18.1.1.Final.jar:/home/nicolas/.m2/repository/org/wildfly/core/wildfly-controller-client/18.1.1.Final/wildfly-controller-client-18.1.1.Final.jar:/home/nicolas/.m2/repository/org/wildfly/core/wildfly-protocol/18.1.1.Final/wildfly-protocol-18.1.1.Final.jar:/home/nicolas/.m2/repository/org/jboss/modules/jboss-modules/2.0.2.Final/jboss-modules-2.0.2.Final.jar:/home/nicolas/.m2/repository/org/wildfly/security/wildfly-elytron-auth-server/2.0.0.Final/wildfly-elytron-auth-server-2.0.0.Final.jar:/home/nicolas/.m2/repository/org/wildfly/security/wildfly-elytron-credential/2.0.0.Final/wildfly-elytron-credential-2.0.0.Final.jar:/home/nicolas/.m2/repository/org/wildfly/security/wildfly-elytron-x500/2.0.0.Final/wildfly-elytron-x500-2.0.0.Final.jar:/home/nicolas/.m2/repository/org/wildfly/security/wildfly-elytron-auth-server-deprecated/2.0.0.Final/wildfly-elytron-auth-server-deprecated-2.0.0.Final.jar:/home/nicolas/.m2/repository/org/wildfly/security/wildfly-elytron-http/2.0.0.Final/wildfly-elytron-http-2.0.0.Final.jar:/home/nicolas/.m2/repository/org/wildfly/security/wildfly-elytron-auth-server-http/2.0.0.Final/wildfly-elytron-auth-server-http-2.0.0.Final.jar:/home/nicolas/.m2/repository/org/wildfly/security/wildfly-elytron-auth-server-sasl/2.0.0.Final/wildfly-elytron-auth-server-sasl-2.0.0.Final.jar:/home/nicolas/.m2/repository/org/wildfly/security/wildfly-elytron-client/2.0.0.Final/wildfly-elytron-client-2.0.0.Final.jar:/home/nicolas/.m2/repository/org/wildfly/security/wildfly-elytron-auth-util/2.0.0.Final/wildfly-elytron-auth-util-2.0.0.Final.jar:/home/nicolas/.m2/repository/org/wildfly/security/wildfly-elytron-mechanism-gssapi/2.0.0.Final/wildfly-elytron-mechanism-gssapi-2.0.0.Final.jar:/home/nicolas/.m2/repository/org/apache/sshd/sshd-common/2.9.2/sshd-common-2.9.2.jar:/home/nicolas/.m2/repository/org/slf4j/slf4j-api/1.7.36/slf4j-api-1.7.36.jar:/home/nicolas/.m2/repository/org/slf4j/jcl-over-slf4j/1.7.36/jcl-over-slf4j-1.7.36.jar:/home/nicolas/.m2/repository/org/wildfly/security/wildfly-elytron-credential-source-impl/2.0.0.Final/wildfly-elytron-credential-source-impl-2.0.0.Final.jar:/home/nicolas/.m2/repository/org/wildfly/security/wildfly-elytron-credential-store/2.0.0.Final/wildfly-elytron-credential-store-2.0.0.Final.jar:/home/nicolas/.m2/repository/org/wildfly/security/wildfly-elytron-keystore/2.0.0.Final/wildfly-elytron-keystore-2.0.0.Final.jar:/home/nicolas/.m2/repository/org/wildfly/security/wildfly-elytron-mechanism/2.0.0.Final/wildfly-elytron-mechanism-2.0.0.Final.jar:/home/nicolas/.m2/repository/org/wildfly/security/wildfly-elytron-password-impl/2.0.0.Final/wildfly-elytron-password-impl-2.0.0.Final.jar:/home/nicolas/.m2/repository/org/wildfly/security/wildfly-elytron-provider-util/2.0.0.Final/wildfly-elytron-provider-util-2.0.0.Final.jar:/home/nicolas/.m2/repository/org/wildfly/security/wildfly-elytron-x500-cert/2.0.0.Final/wildfly-elytron-x500-cert-2.0.0.Final.jar:/home/nicolas/.m2/repository/org/wildfly/security/wildfly-elytron-x500-cert-util/2.0.0.Final/wildfly-elytron-x500-cert-util-2.0.0.Final.jar:/home/nicolas/.m2/repository/org/wildfly/security/wildfly-elytron-permission/2.0.0.Final/wildfly-elytron-permission-2.0.0.Final.jar:/home/nicolas/.m2/repository/org/wildfly/security/wildfly-elytron-sasl/2.0.0.Final/wildfly-elytron-sasl-2.0.0.Final.jar:/home/nicolas/.m2/repository/org/wildfly/security/wildfly-elytron-ssl/2.0.0.Final/wildfly-elytron-ssl-2.0.0.Final.jar:/home/nicolas/.m2/repository/org/wildfly/security/wildfly-elytron-sasl-anonymous/2.0.0.Final/wildfly-elytron-sasl-anonymous-2.0.0.Final.jar:/home/nicolas/.m2/repository/org/wildfly/security/wildfly-elytron-sasl-localuser/2.0.0.Final/wildfly-elytron-sasl-localuser-2.0.0.Final.jar:/home/nicolas/.m2/repository/org/wildfly/security/wildfly-elytron-realm/2.0.0.Final/wildfly-elytron-realm-2.0.0.Final.jar:/home/nicolas/.m2/repository/org/wildfly/security/wildfly-elytron-encryption/2.0.0.Final/wildfly-elytron-encryption-2.0.0.Final.jar:/home/nicolas/.m2/repository/org/jboss/jboss-dmr/1.6.1.Final/jboss-dmr-1.6.1.Final.jar:/home/nicolas/.m2/repository/org/jboss/threads/jboss-threads/2.4.0.Final/jboss-threads-2.4.0.Final.jar:/home/nicolas/.m2/repository/org/wildfly/security/wildfly-elytron-auth/2.0.0.Final/wildfly-elytron-auth-2.0.0.Final.jar:/home/nicolas/.m2/repository/org/wildfly/security/wildfly-elytron-util/2.0.0.Final/wildfly-elytron-util-2.0.0.Final.jar:/home/nicolas/.m2/repository/org/wildfly/security/wildfly-elytron-asn1/2.0.0.Final/wildfly-elytron-asn1-2.0.0.Final.jar:/home/nicolas/.m2/repository/org/wildfly/security/wildfly-elytron-base/2.0.0.Final/wildfly-elytron-base-2.0.0.Final.jar:/home/nicolas/.m2/repository/org/wildfly/security/wildfly-elytron-security-manager/2.0.0.Final/wildfly-elytron-security-manager-2.0.0.Final.jar:/home/nicolas/.m2/repository/org/wildfly/security/wildfly-elytron-security-manager-action/2.0.0.Final/wildfly-elytron-security-manager-action-2.0.0.Final.jar:/home/nicolas/.m2/repository/org/wildfly/core/wildfly-launcher/18.1.1.Final/wildfly-launcher-18.1.1.Final.jar:/home/nicolas/.m2/repository/org/wildfly/plugins/wildfly-plugin-core/3.0.0.Final/wildfly-plugin-core-3.0.0.Final.jar:/home/nicolas/.m2/repository/org/jboss/shrinkwrap/descriptors/shrinkwrap-descriptors-impl-base/2.0.0/shrinkwrap-descriptors-impl-base-2.0.0.jar:/home/nicolas/.m2/repository/org/jboss/arquillian/core/arquillian-core-api/1.7.0.Alpha12/arquillian-core-api-1.7.0.Alpha12.jar:"/>
    <property name="sun.cpu.endian" value="little"/>
    <property name="user.home" value="/home/nicolas"/>
    <property name="user.language" value="en"/>
    <property name="java.specification.vendor" value="Oracle Corporation"/>
    <property name="java.version.date" value="2023-01-17"/>
    <property name="java.home" value="/usr/lib/jvm/jdk-17"/>
    <property name="file.separator" value="/"/>
    <property name="basedir" value="/home/nicolas/test/duke"/>
    <property name="java.vm.compressedOopsMode" value="Zero based"/>
    <property name="line.separator" value="&#10;"/>
    <property name="java.vm.specification.vendor" value="Oracle Corporation"/>
    <property name="java.specification.name" value="Java Platform API Specification"/>
    <property name="surefire.real.class.path" value="/home/nicolas/test/duke/target/surefire/surefirebooter711992666309350903.jar"/>
    <property name="sun.management.compiler" value="HotSpot 64-Bit Tiered Compilers"/>
    <property name="java.runtime.version" value="17.0.6+9-LTS-190"/>
    <property name="user.name" value="nicolas"/>
    <property name="path.separator" value=":"/>
    <property name="os.version" value="5.15.0-69-generic"/>
    <property name="java.runtime.name" value="Java(TM) SE Runtime Environment"/>
    <property name="file.encoding" value="UTF-8"/>
    <property name="java.vm.name" value="Java HotSpot(TM) 64-Bit Server VM"/>
    <property name="localRepository" value="/home/nicolas/.m2/repository"/>
    <property name="java.vendor.url.bug" value="https://bugreport.java.com/bugreport/"/>
    <property name="java.io.tmpdir" value="/tmp"/>
    <property name="java.version" value="17.0.6"/>
    <property name="user.dir" value="/home/nicolas/test/duke"/>
    <property name="os.arch" value="amd64"/>
    <property name="java.vm.specification.name" value="Java Virtual Machine Specification"/>
    <property name="native.encoding" value="UTF-8"/>
    <property name="java.library.path" value="/u01/app/oracle/product/11.2.0/xe/lib:/u01/app/oracle/product/11.2.0/xe/lib::/usr/java/packages/lib:/usr/lib64:/lib64:/lib:/usr/lib"/>
    <property name="java.vm.info" value="mixed mode, sharing"/>
    <property name="java.vendor" value="Oracle Corporation"/>
    <property name="java.vm.version" value="17.0.6+9-LTS-190"/>
    <property name="sun.io.unicode.encoding" value="UnicodeLittle"/>
    <property name="java.class.version" value="61.0"/>
  </properties>
  <testcase name="test" classname="fr.simplex_software.jakartaee.wildfly.test.SampleIT" time="0.101"/>
</testsuite>